<?xml version="1.0" encoding="UTF-8"?>
<!-- Generated by org.testng.reporters.JUnitReportReporter -->
<testsuite hostname="DESKTOP-Q0O44GO" failures="0" tests="2" name="methods.Title_Menards" time="3.859" errors="0" timestamp="2021-04-06T13:57:40 CDT" skipped="0">
  <testcase classname="methods.Title_Menards" name="deleteCookie" time="0.724"/>
  <system-out/>
  <testcase classname="methods.Title_Menards" name="getTitle" time="3.135"/>
  <system-out/>
</testsuite> <!-- methods.Title_Menards -->
