<?xml version="1.0" encoding="UTF-8"?>
<!-- Generated by org.testng.reporters.JUnitReportReporter -->
<testsuite hostname="DESKTOP-Q0O44GO" failures="0" tests="1" name="com.chase.LoginToChase" time="2.877" errors="0" timestamp="2021-04-05T14:07:46 CDT" skipped="0">
  <testcase classname="com.chase.LoginToChase" name="chaseTitle" time="2.877"/>
  <system-out/>
</testsuite> <!-- com.chase.LoginToChase -->
