<?xml version="1.0" encoding="UTF-8"?>
<!-- Generated by org.testng.reporters.JUnitReportReporter -->
<testsuite hostname="DESKTOP-Q0O44GO" failures="0" tests="1" name="com.chase.LoginWithFFox" time="3.250" errors="0" timestamp="2021-04-01T22:02:01 CDT" skipped="0">
  <testcase classname="com.chase.LoginWithFFox" name="chaseTitle" time="3.250"/>
  <system-out/>
</testsuite> <!-- com.chase.LoginWithFFox -->
